Printing 8 rows from table dog
+----+---------+---------+
| id | breedId | colorId |
+----+---------+---------+
|  1 |       1 |       1 |
+----+---------+---------+
|  2 |       1 |       2 |
+----+---------+---------+
|  3 |       1 |       3 |
+----+---------+---------+
|  4 |       2 |       2 |
+----+---------+---------+
|  5 |       3 |       2 |
+----+---------+---------+
|  6 |       3 |       3 |
+----+---------+---------+
|  7 |       4 |       3 |
+----+---------+---------+
|  8 |       4 |       4 |
+----+---------+---------+

Printing 8 rows from table dog_expanded
+----+-------------+-------+
| id |    breed    | color |
+----+-------------+-------+
|  1 | Am Bulldog  | White |
+----+-------------+-------+
|  5 | Labrador    | Grey  |
+----+-------------+-------+
|  4 | Blue Tick   | Grey  |
+----+-------------+-------+
|  2 | Am Bulldog  | Grey  |
+----+-------------+-------+
|  7 | Gr Shepard  | Black |
+----+-------------+-------+
|  6 | Labrador    | Black |
+----+-------------+-------+
|  3 | Am Bulldog  | Black |
+----+-------------+-------+
|  8 | Gr Shepard  | Brown |
+----+-------------+-------+

